C:\USERS\HARHA\DOCUMENTS\VISUAL STUDIO 2012\PROJECTS\CPPRAY\CPPRAY\DEBUG\DISPLAY.OBJ
C:\USERS\HARHA\DOCUMENTS\VISUAL STUDIO 2012\PROJECTS\CPPRAY\CPPRAY\DEBUG\ENGINE.OBJ
C:\USERS\HARHA\DOCUMENTS\VISUAL STUDIO 2012\PROJECTS\CPPRAY\CPPRAY\DEBUG\MAIN.OBJ
C:\USERS\HARHA\DOCUMENTS\VISUAL STUDIO 2012\PROJECTS\CPPRAY\CPPRAY\DEBUG\MAT4.OBJ
C:\USERS\HARHA\DOCUMENTS\VISUAL STUDIO 2012\PROJECTS\CPPRAY\CPPRAY\DEBUG\QUATERNION.OBJ
C:\USERS\HARHA\DOCUMENTS\VISUAL STUDIO 2012\PROJECTS\CPPRAY\CPPRAY\DEBUG\TRANSFORM.OBJ
C:\USERS\HARHA\DOCUMENTS\VISUAL STUDIO 2012\PROJECTS\CPPRAY\CPPRAY\DEBUG\VEC3.OBJ
C:\USERS\HARHA\DOCUMENTS\VISUAL STUDIO 2012\PROJECTS\CPPRAY\CPPRAY\DEBUG\VC110.PDB
C:\USERS\HARHA\DOCUMENTS\VISUAL STUDIO 2012\PROJECTS\CPPRAY\DEBUG\CPPRAY.ILK
C:\USERS\HARHA\DOCUMENTS\VISUAL STUDIO 2012\PROJECTS\CPPRAY\DEBUG\CPPRAY.EXE
C:\USERS\HARHA\DOCUMENTS\VISUAL STUDIO 2012\PROJECTS\CPPRAY\DEBUG\CPPRAY.PDB
C:\Users\Harha\Documents\Visual Studio 2012\Projects\CPPRay\CPPRay\Debug\display.obj
C:\Users\Harha\Documents\Visual Studio 2012\Projects\CPPRay\CPPRay\Debug\engine.obj
C:\Users\Harha\Documents\Visual Studio 2012\Projects\CPPRay\CPPRay\Debug\main.obj
C:\Users\Harha\Documents\Visual Studio 2012\Projects\CPPRay\CPPRay\Debug\mat4.obj
C:\Users\Harha\Documents\Visual Studio 2012\Projects\CPPRay\CPPRay\Debug\quaternion.obj
C:\Users\Harha\Documents\Visual Studio 2012\Projects\CPPRay\CPPRay\Debug\transform.obj
C:\Users\Harha\Documents\Visual Studio 2012\Projects\CPPRay\CPPRay\Debug\vec3.obj
C:\Users\Harha\Documents\Visual Studio 2012\Projects\CPPRay\CPPRay\Debug\cl.command.1.tlog
C:\Users\Harha\Documents\Visual Studio 2012\Projects\CPPRay\CPPRay\Debug\CL.read.1.tlog
C:\Users\Harha\Documents\Visual Studio 2012\Projects\CPPRay\CPPRay\Debug\CL.write.1.tlog
C:\Users\Harha\Documents\Visual Studio 2012\Projects\CPPRay\CPPRay\Debug\link-cvtres.read.1.tlog
C:\Users\Harha\Documents\Visual Studio 2012\Projects\CPPRay\CPPRay\Debug\link-cvtres.write.1.tlog
C:\Users\Harha\Documents\Visual Studio 2012\Projects\CPPRay\CPPRay\Debug\link-rc.read.1.tlog
C:\Users\Harha\Documents\Visual Studio 2012\Projects\CPPRay\CPPRay\Debug\link-rc.write.1.tlog
C:\Users\Harha\Documents\Visual Studio 2012\Projects\CPPRay\CPPRay\Debug\link.command.1.tlog
C:\Users\Harha\Documents\Visual Studio 2012\Projects\CPPRay\CPPRay\Debug\link.read.1.tlog
C:\Users\Harha\Documents\Visual Studio 2012\Projects\CPPRay\CPPRay\Debug\link.write.1.tlog
C:\Users\Harha\Documents\Visual Studio 2012\Projects\CPPRay\CPPRay\Debug\vc110.idb
C:\Users\Harha\Documents\Visual Studio 2012\Projects\CPPRay\CPPRay\Debug\vc110.pdb
C:\Users\Harha\Documents\Visual Studio 2012\Projects\CPPRay\Debug\CPPRay.pdb
C:\Users\Harha\Documents\Visual Studio 2012\Projects\CPPRay\Debug\CPPRay.exe
C:\Users\Harha\Documents\Visual Studio 2012\Projects\CPPRay\Debug\CPPRay.ilk
