Build started 4.3.2015 19:45:34.
     1>Project "C:\Users\Harha\Documents\Visual Studio 2012\Projects\CPPRay\CPPRay\CPPRay.vcxproj" on node 2 (Rebuild target(s)).
     1>ClCompile:
         C:\Program Files (x86)\Microsoft Visual Studio 11.0\VC\bin\CL.exe /c /I.\include /ZI /nologo /W3 /WX- /Od /Oy- /D WIN32 /D _DEBUG /D _CONSOLE /D _UNICODE /D UNICODE /Gm /EHsc /RTC1 /MDd /GS /fp:precise /Zc:wchar_t /Zc:forScope /Fo"Debug\\" /Fd"Debug\vc110.pdb" /Gd /TP /analyze- /errorReport:prompt display.cpp engine.cpp main.cpp mat4.cpp quaternion.cpp transform.cpp vec3.cpp
         vec3.cpp
         transform.cpp
         quaternion.cpp
         mat4.cpp
         main.cpp
         engine.cpp
         display.cpp
         Generating Code...
       Link:
         C:\Program Files (x86)\Microsoft Visual Studio 11.0\VC\bin\link.exe /ERRORREPORT:PROMPT /OUT:"C:\Users\Harha\Documents\Visual Studio 2012\Projects\CPPRay\Debug\CPPRay.exe" /INCREMENTAL /NOLOGO /LIBPATH:.\lib SDL2.lib SDL2main.lib SDL2test.lib kernel32.lib user32.lib gdi32.lib winspool.lib comdlg32.lib advapi32.lib shell32.lib ole32.lib oleaut32.lib uuid.lib odbc32.lib odbccp32.lib /MANIFEST /MANIFESTUAC:"level='asInvoker' uiAccess='false'" /manifest:embed /DEBUG /PDB:"C:\Users\Harha\Documents\Visual Studio 2012\Projects\CPPRay\Debug\CPPRay.pdb" /SUBSYSTEM:CONSOLE /TLBID:1 /DYNAMICBASE /NXCOMPAT /IMPLIB:"C:\Users\Harha\Documents\Visual Studio 2012\Projects\CPPRay\Debug\CPPRay.lib" /MACHINE:X86 Debug\display.obj
         Debug\engine.obj
         Debug\main.obj
         Debug\mat4.obj
         Debug\quaternion.obj
         Debug\transform.obj
         Debug\vec3.obj
     1>MSVCRTD.lib(cinitexe.obj) : warning LNK4098: defaultlib 'msvcrt.lib' conflicts with use of other libs; use /NODEFAULTLIB:library
         CPPRay.vcxproj -> C:\Users\Harha\Documents\Visual Studio 2012\Projects\CPPRay\Debug\CPPRay.exe
     1>Done Building Project "C:\Users\Harha\Documents\Visual Studio 2012\Projects\CPPRay\CPPRay\CPPRay.vcxproj" (Rebuild target(s)).

Build succeeded.

Time Elapsed 00:00:02.35
