Build started 7.3.2015 1:25:34.
     1>Project "C:\Users\Harha\Documents\Visual Studio 2012\Projects\CPPRay\CPPRay\CPPRay.vcxproj" on node 2 (Build target(s)).
     1>ClCompile:
         C:\Program Files (x86)\Microsoft Visual Studio 11.0\VC\bin\CL.exe /c /I.\include /Zi /nologo /W3 /WX- /O2 /Oi /Oy- /GL /D WIN32 /D NDEBUG /D _CONSOLE /D _UNICODE /D UNICODE /Gm- /EHsc /MD /GS /Gy /fp:precise /Zc:wchar_t /Zc:forScope /Fo"Release\\" /Fd"Release\vc110.pdb" /Gd /TP /analyze- /errorReport:prompt camera.cpp display.cpp engine.cpp intersection.cpp light.cpp main.cpp material.cpp math.cpp plane.cpp ray.cpp sphere.cpp transform.cpp
         camera.cpp
         display.cpp
         engine.cpp
         intersection.cpp
         light.cpp
         main.cpp
         material.cpp
         math.cpp
         plane.cpp
         ray.cpp
         sphere.cpp
         transform.cpp
       Link:
         C:\Program Files (x86)\Microsoft Visual Studio 11.0\VC\bin\link.exe /ERRORREPORT:PROMPT /OUT:"C:\Users\Harha\Documents\Visual Studio 2012\Projects\CPPRay\Release\CPPRay.exe" /INCREMENTAL:NO /NOLOGO /LIBPATH:.\lib SDL2.lib SDL2main.lib SDL2test.lib kernel32.lib user32.lib gdi32.lib winspool.lib comdlg32.lib advapi32.lib shell32.lib ole32.lib oleaut32.lib uuid.lib odbc32.lib odbccp32.lib /MANIFEST /MANIFESTUAC:"level='asInvoker' uiAccess='false'" /manifest:embed /DEBUG /PDB:"C:\Users\Harha\Documents\Visual Studio 2012\Projects\CPPRay\Release\CPPRay.pdb" /SUBSYSTEM:CONSOLE /OPT:REF /OPT:ICF /LTCG /TLBID:1 /DYNAMICBASE /NXCOMPAT /IMPLIB:"C:\Users\Harha\Documents\Visual Studio 2012\Projects\CPPRay\Release\CPPRay.lib" /MACHINE:X86 /SAFESEH Release\camera.obj
         Release\display.obj
         Release\engine.obj
         Release\intersection.obj
         Release\light.obj
         Release\main.obj
         Release\material.obj
         Release\math.obj
         Release\plane.obj
         Release\ray.obj
         Release\sphere.obj
         Release\transform.obj
         Generating code
         Finished generating code
         CPPRay.vcxproj -> C:\Users\Harha\Documents\Visual Studio 2012\Projects\CPPRay\Release\CPPRay.exe
     1>Done Building Project "C:\Users\Harha\Documents\Visual Studio 2012\Projects\CPPRay\CPPRay\CPPRay.vcxproj" (Build target(s)).

Build succeeded.

Time Elapsed 00:00:03.47
