C:\USERS\HARHA\DOCUMENTS\VISUAL STUDIO 2012\PROJECTS\CPPRAY\CPPRAY\RELEASE\TRANSFORM.OBJ
C:\USERS\HARHA\DOCUMENTS\VISUAL STUDIO 2012\PROJECTS\CPPRAY\CPPRAY\RELEASE\SPHERE.OBJ
C:\USERS\HARHA\DOCUMENTS\VISUAL STUDIO 2012\PROJECTS\CPPRAY\CPPRAY\RELEASE\RAY.OBJ
C:\USERS\HARHA\DOCUMENTS\VISUAL STUDIO 2012\PROJECTS\CPPRAY\CPPRAY\RELEASE\PLANE.OBJ
C:\USERS\HARHA\DOCUMENTS\VISUAL STUDIO 2012\PROJECTS\CPPRAY\CPPRAY\RELEASE\MATH.OBJ
C:\USERS\HARHA\DOCUMENTS\VISUAL STUDIO 2012\PROJECTS\CPPRAY\CPPRAY\RELEASE\MATERIAL.OBJ
C:\USERS\HARHA\DOCUMENTS\VISUAL STUDIO 2012\PROJECTS\CPPRAY\CPPRAY\RELEASE\MAIN.OBJ
C:\USERS\HARHA\DOCUMENTS\VISUAL STUDIO 2012\PROJECTS\CPPRAY\CPPRAY\RELEASE\LIGHT.OBJ
C:\USERS\HARHA\DOCUMENTS\VISUAL STUDIO 2012\PROJECTS\CPPRAY\CPPRAY\RELEASE\INTERSECTION.OBJ
C:\USERS\HARHA\DOCUMENTS\VISUAL STUDIO 2012\PROJECTS\CPPRAY\CPPRAY\RELEASE\ENGINE.OBJ
C:\USERS\HARHA\DOCUMENTS\VISUAL STUDIO 2012\PROJECTS\CPPRAY\CPPRAY\RELEASE\DISPLAY.OBJ
C:\USERS\HARHA\DOCUMENTS\VISUAL STUDIO 2012\PROJECTS\CPPRAY\CPPRAY\RELEASE\CAMERA.OBJ
C:\USERS\HARHA\DOCUMENTS\VISUAL STUDIO 2012\PROJECTS\CPPRAY\CPPRAY\RELEASE\VC110.PDB
C:\USERS\HARHA\DOCUMENTS\VISUAL STUDIO 2012\PROJECTS\CPPRAY\RELEASE\CPPRAY.EXE
C:\USERS\HARHA\DOCUMENTS\VISUAL STUDIO 2012\PROJECTS\CPPRAY\RELEASE\CPPRAY.PDB
C:\Users\Harha\Documents\Visual Studio 2012\Projects\CPPRay\CPPRay\Release\camera.obj
C:\Users\Harha\Documents\Visual Studio 2012\Projects\CPPRay\CPPRay\Release\display.obj
C:\Users\Harha\Documents\Visual Studio 2012\Projects\CPPRay\CPPRay\Release\engine.obj
C:\Users\Harha\Documents\Visual Studio 2012\Projects\CPPRay\CPPRay\Release\intersection.obj
C:\Users\Harha\Documents\Visual Studio 2012\Projects\CPPRay\CPPRay\Release\light.obj
C:\Users\Harha\Documents\Visual Studio 2012\Projects\CPPRay\CPPRay\Release\main.obj
C:\Users\Harha\Documents\Visual Studio 2012\Projects\CPPRay\CPPRay\Release\material.obj
C:\Users\Harha\Documents\Visual Studio 2012\Projects\CPPRay\CPPRay\Release\math.obj
C:\Users\Harha\Documents\Visual Studio 2012\Projects\CPPRay\CPPRay\Release\plane.obj
C:\Users\Harha\Documents\Visual Studio 2012\Projects\CPPRay\CPPRay\Release\ray.obj
C:\Users\Harha\Documents\Visual Studio 2012\Projects\CPPRay\CPPRay\Release\sphere.obj
C:\Users\Harha\Documents\Visual Studio 2012\Projects\CPPRay\CPPRay\Release\transform.obj
C:\Users\Harha\Documents\Visual Studio 2012\Projects\CPPRay\CPPRay\Release\cl.command.1.tlog
C:\Users\Harha\Documents\Visual Studio 2012\Projects\CPPRay\CPPRay\Release\CL.read.1.tlog
C:\Users\Harha\Documents\Visual Studio 2012\Projects\CPPRay\CPPRay\Release\CL.write.1.tlog
C:\Users\Harha\Documents\Visual Studio 2012\Projects\CPPRay\CPPRay\Release\link-cvtres.read.1.tlog
C:\Users\Harha\Documents\Visual Studio 2012\Projects\CPPRay\CPPRay\Release\link-cvtres.write.1.tlog
C:\Users\Harha\Documents\Visual Studio 2012\Projects\CPPRay\CPPRay\Release\link-rc.read.1.tlog
C:\Users\Harha\Documents\Visual Studio 2012\Projects\CPPRay\CPPRay\Release\link-rc.write.1.tlog
C:\Users\Harha\Documents\Visual Studio 2012\Projects\CPPRay\CPPRay\Release\link.command.1.tlog
C:\Users\Harha\Documents\Visual Studio 2012\Projects\CPPRay\CPPRay\Release\link.read.1.tlog
C:\Users\Harha\Documents\Visual Studio 2012\Projects\CPPRay\CPPRay\Release\link.write.1.tlog
C:\Users\Harha\Documents\Visual Studio 2012\Projects\CPPRay\CPPRay\Release\vc110.pdb
C:\Users\Harha\Documents\Visual Studio 2012\Projects\CPPRay\Release\CPPRay.pdb
C:\Users\Harha\Documents\Visual Studio 2012\Projects\CPPRay\Release\CPPRay.exe
